# JRE version: OpenJDK Runtime Environment (8.0_242-b01) (build 1.8.0_242-release-1644-b01)
# Java VM: OpenJDK 64-Bit Server VM (25.242-b01 mixed mode windows-amd64 compressed oops)
Heap:
 PSYoungGen      total 260096K, used 243200K [0x00000000d5580000, 0x00000000e7c80000, 0x0000000100000000)
  eden space 243200K, 100% used [0x00000000d5580000,0x00000000e4300000,0x00000000e4300000)
  from space 16896K, 0% used [0x00000000e5700000,0x00000000e5700000,0x00000000e6780000)
  to   space 20480K, 72% used [0x00000000e4300000,0x00000000e518f4f8,0x00000000e5700000)
 ParOldGen       total 190976K, used 34618K [0x0000000080000000, 0x000000008ba80000, 0x00000000d5580000)
  object space 190976K, 18% used [0x0000000080000000,0x00000000821cebe0,0x000000008ba80000)
 Metaspace       used 69046K, capacity 72614K, committed 72832K, reserved 1112064K
  class space    used 9393K, capacity 10080K, committed 10112K, reserved 1048576K
GC Heap History (10 events):
Event: 12.824 GC heap after
Heap after GC invocations=9 (full 2):
 PSYoungGen      total 111104K, used 0K [0x00000000d5580000, 0x00000000e2700000, 0x0000000100000000)
  eden space 99328K, 0% used [0x00000000d5580000,0x00000000d5580000,0x00000000db680000)
  from space 11776K, 0% used [0x00000000db680000,0x00000000db680000,0x00000000dc200000)
  to   space 11776K, 0% used [0x00000000e1b80000,0x00000000e1b80000,0x00000000e2700000)
 ParOldGen       total 133120K, used 14271K [0x0000000080000000, 0x0000000088200000, 0x00000000d5580000)
  object space 133120K, 10% used [0x0000000080000000,0x0000000080deff48,0x0000000088200000)
 Metaspace       used 34108K, capacity 35324K, committed 35456K, reserved 1079296K
  class space    used 4654K, capacity 4919K, committed 4992K, reserved 1048576K
}
Event: 15.024 GC heap before
{Heap before GC invocations=10 (full 2):
 PSYoungGen      total 111104K, used 99328K [0x00000000d5580000, 0x00000000e2700000, 0x0000000100000000)
  eden space 99328K, 100% used [0x00000000d5580000,0x00000000db680000,0x00000000db680000)
  from space 11776K, 0% used [0x00000000db680000,0x00000000db680000,0x00000000dc200000)
  to   space 11776K, 0% used [0x00000000e1b80000,0x00000000e1b80000,0x00000000e2700000)
 ParOldGen       total 133120K, used 14271K [0x0000000080000000, 0x0000000088200000, 0x00000000d5580000)
  object space 133120K, 10% used [0x0000000080000000,0x0000000080deff48,0x0000000088200000)
 Metaspace       used 37851K, capacity 39570K, committed 39680K, reserved 1083392K
  class space    used 5191K, capacity 5546K, committed 5632K, reserved 1048576K
Event: 15.046 GC heap after
Heap after GC invocations=10 (full 2):
 PSYoungGen      total 180736K, used 6779K [0x00000000d5580000, 0x00000000e2280000, 0x0000000100000000)
  eden space 173568K, 0% used [0x00000000d5580000,0x00000000d5580000,0x00000000dff00000)
  from space 7168K, 94% used [0x00000000e1b80000,0x00000000e221ece8,0x00000000e2280000)
  to   space 11776K, 0% used [0x00000000e0b80000,0x00000000e0b80000,0x00000000e1700000)
 ParOldGen       total 133120K, used 14271K [0x0000000080000000, 0x0000000088200000, 0x00000000d5580000)
  object space 133120K, 10% used [0x0000000080000000,0x0000000080deff48,0x0000000088200000)
 Metaspace       used 37851K, capacity 39570K, committed 39680K, reserved 1083392K
  class space    used 5191K, capacity 5546K, committed 5632K, reserved 1048576K
}
Event: 18.972 GC heap before
{Heap before GC invocations=11 (full 2):
 PSYoungGen      total 180736K, used 180347K [0x00000000d5580000, 0x00000000e2280000, 0x0000000100000000)
  eden space 173568K, 100% used [0x00000000d5580000,0x00000000dff00000,0x00000000dff00000)
  from space 7168K, 94% used [0x00000000e1b80000,0x00000000e221ece8,0x00000000e2280000)
  to   space 11776K, 0% used [0x00000000e0b80000,0x00000000e0b80000,0x00000000e1700000)
 ParOldGen       total 133120K, used 14271K [0x0000000080000000, 0x0000000088200000, 0x00000000d5580000)
  object space 133120K, 10% used [0x0000000080000000,0x0000000080deff48,0x0000000088200000)
 Metaspace       used 50341K, capacity 52512K, committed 52864K, reserved 1095680K
  class space    used 6770K, capacity 7179K, committed 7296K, reserved 1048576K
Event: 19.002 GC heap after
Heap after GC invocations=11 (full 2):
 PSYoungGen      total 198144K, used 11756K [0x00000000d5580000, 0x00000000e6780000, 0x0000000100000000)
  eden space 186368K, 0% used [0x00000000d5580000,0x00000000d5580000,0x00000000e0b80000)
  from space 11776K, 99% used [0x00000000e0b80000,0x00000000e16fb330,0x00000000e1700000)
  to   space 16896K, 0% used [0x00000000e5700000,0x00000000e5700000,0x00000000e6780000)
 ParOldGen       total 133120K, used 24196K [0x0000000080000000, 0x0000000088200000, 0x00000000d5580000)
  object space 133120K, 18% used [0x0000000080000000,0x00000000817a1018,0x0000000088200000)
 Metaspace       used 50341K, capacity 52512K, committed 52864K, reserved 1095680K
  class space    used 6770K, capacity 7179K, committed 7296K, reserved 1048576K
}
Event: 21.153 GC heap before
{Heap before GC invocations=12 (full 2):
 PSYoungGen      total 198144K, used 98182K [0x00000000d5580000, 0x00000000e6780000, 0x0000000100000000)
  eden space 186368K, 46% used [0x00000000d5580000,0x00000000da9e6788,0x00000000e0b80000)
  from space 11776K, 99% used [0x00000000e0b80000,0x00000000e16fb330,0x00000000e1700000)
  to   space 16896K, 0% used [0x00000000e5700000,0x00000000e5700000,0x00000000e6780000)
 ParOldGen       total 133120K, used 24196K [0x0000000080000000, 0x0000000088200000, 0x00000000d5580000)
  object space 133120K, 18% used [0x0000000080000000,0x00000000817a1018,0x0000000088200000)
 Metaspace       used 56593K, capacity 59038K, committed 59096K, reserved 1099776K
  class space    used 7564K, capacity 8050K, committed 8064K, reserved 1048576K
Event: 21.190 GC heap after
Heap after GC invocations=12 (full 2):
 PSYoungGen      total 260096K, used 16876K [0x00000000d5580000, 0x00000000e7c80000, 0x0000000100000000)
  eden space 243200K, 0% used [0x00000000d5580000,0x00000000d5580000,0x00000000e4300000)
  from space 16896K, 99% used [0x00000000e5700000,0x00000000e677b320,0x00000000e6780000)
  to   space 20480K, 0% used [0x00000000e4300000,0x00000000e4300000,0x00000000e5700000)
 ParOldGen       total 133120K, used 29158K [0x0000000080000000, 0x0000000088200000, 0x00000000d5580000)
  object space 133120K, 21% used [0x0000000080000000,0x0000000081c79a20,0x0000000088200000)
 Metaspace       used 56593K, capacity 59038K, committed 59096K, reserved 1099776K
  class space    used 7564K, capacity 8050K, committed 8064K, reserved 1048576K
}
Event: 21.190 GC heap before
{Heap before GC invocations=13 (full 3):
 PSYoungGen      total 260096K, used 16876K [0x00000000d5580000, 0x00000000e7c80000, 0x0000000100000000)
  eden space 243200K, 0% used [0x00000000d5580000,0x00000000d5580000,0x00000000e4300000)
  from space 16896K, 99% used [0x00000000e5700000,0x00000000e677b320,0x00000000e6780000)
  to   space 20480K, 0% used [0x00000000e4300000,0x00000000e4300000,0x00000000e5700000)
 ParOldGen       total 133120K, used 29158K [0x0000000080000000, 0x0000000088200000, 0x00000000d5580000)
  object space 133120K, 21% used [0x0000000080000000,0x0000000081c79a20,0x0000000088200000)
 Metaspace       used 56593K, capacity 59038K, committed 59096K, reserved 1099776K
  class space    used 7564K, capacity 8050K, committed 8064K, reserved 1048576K
Event: 21.627 GC heap after
Heap after GC invocations=13 (full 3):
 PSYoungGen      total 260096K, used 0K [0x00000000d5580000, 0x00000000e7c80000, 0x0000000100000000)
  eden space 243200K, 0% used [0x00000000d5580000,0x00000000d5580000,0x00000000e4300000)
  from space 16896K, 0% used [0x00000000e5700000,0x00000000e5700000,0x00000000e6780000)
  to   space 20480K, 0% used [0x00000000e4300000,0x00000000e4300000,0x00000000e5700000)
 ParOldGen       total 190976K, used 34610K [0x0000000080000000, 0x000000008ba80000, 0x00000000d5580000)
  object space 190976K, 18% used [0x0000000080000000,0x00000000821ccbe0,0x000000008ba80000)
 Metaspace       used 56593K, capacity 59038K, committed 59096K, reserved 1099776K
  class space    used 7564K, capacity 8050K, committed 8064K, reserved 1048576K
}
Event: 28.509 GC heap before
{Heap before GC invocations=14 (full 3):
 PSYoungGen      total 260096K, used 243200K [0x00000000d5580000, 0x00000000e7c80000, 0x0000000100000000)
  eden space 243200K, 100% used [0x00000000d5580000,0x00000000e4300000,0x00000000e4300000)
  from space 16896K, 0% used [0x00000000e5700000,0x00000000e5700000,0x00000000e6780000)
  to   space 20480K, 0% used [0x00000000e4300000,0x00000000e4300000,0x00000000e5700000)
 ParOldGen       total 190976K, used 34610K [0x0000000080000000, 0x000000008ba80000, 0x00000000d5580000)
  object space 190976K, 18% used [0x0000000080000000,0x00000000821ccbe0,0x000000008ba80000)
 Metaspace       used 69046K, capacity 72614K, committed 72832K, reserved 1112064K
  class space    used 9393K, capacity 10080K, committed 10112K, reserved 1048576K

