# JRE version: OpenJDK Runtime Environment (8.0_242-b01) (build 1.8.0_242-release-1644-b01)
# Java VM: OpenJDK 64-Bit Server VM (25.242-b01 mixed mode windows-amd64 compressed oops)
Heap:
 PSYoungGen      total 174592K, used 93563K [0x00000000d5580000, 0x00000000e3380000, 0x0000000100000000)
  eden space 163328K, 50% used [0x00000000d5580000,0x00000000da5e1d78,0x00000000df500000)
  from space 11264K, 99% used [0x00000000df500000,0x00000000dfffd148,0x00000000e0000000)
  to   space 15872K, 0% used [0x00000000e2400000,0x00000000e2400000,0x00000000e3380000)
 ParOldGen       total 154112K, used 22367K [0x0000000080000000, 0x0000000089680000, 0x00000000d5580000)
  object space 154112K, 14% used [0x0000000080000000,0x00000000815d7c10,0x0000000089680000)
 Metaspace       used 54968K, capacity 57372K, committed 57472K, reserved 1099776K
  class space    used 7304K, capacity 7763K, committed 7808K, reserved 1048576K
GC Heap History (10 events):
Event: 11.654 GC heap before
{Heap before GC invocations=7 (full 1):
 PSYoungGen      total 76288K, used 73562K [0x00000000d5580000, 0x00000000dc900000, 0x0000000100000000)
  eden space 65536K, 100% used [0x00000000d5580000,0x00000000d9580000,0x00000000d9580000)
  from space 10752K, 74% used [0x00000000d9580000,0x00000000d9d56a30,0x00000000da000000)
  to   space 11264K, 0% used [0x00000000dbe00000,0x00000000dbe00000,0x00000000dc900000)
 ParOldGen       total 108032K, used 8572K [0x0000000080000000, 0x0000000086980000, 0x00000000d5580000)
  object space 108032K, 7% used [0x0000000080000000,0x000000008085f3e8,0x0000000086980000)
 Metaspace       used 33585K, capacity 34786K, committed 35072K, reserved 1079296K
  class space    used 4574K, capacity 4846K, committed 4864K, reserved 1048576K
Event: 11.666 GC heap after
Heap after GC invocations=7 (full 1):
 PSYoungGen      total 107008K, used 9417K [0x00000000d5580000, 0x00000000dca00000, 0x0000000100000000)
  eden space 95744K, 0% used [0x00000000d5580000,0x00000000d5580000,0x00000000db300000)
  from space 11264K, 83% used [0x00000000dbe00000,0x00000000dc7325c8,0x00000000dc900000)
  to   space 11264K, 0% used [0x00000000db300000,0x00000000db300000,0x00000000dbe00000)
 ParOldGen       total 108032K, used 8580K [0x0000000080000000, 0x0000000086980000, 0x00000000d5580000)
  object space 108032K, 7% used [0x0000000080000000,0x00000000808613e8,0x0000000086980000)
 Metaspace       used 33585K, capacity 34786K, committed 35072K, reserved 1079296K
  class space    used 4574K, capacity 4846K, committed 4864K, reserved 1048576K
}
Event: 11.830 GC heap before
{Heap before GC invocations=8 (full 1):
 PSYoungGen      total 107008K, used 29278K [0x00000000d5580000, 0x00000000dca00000, 0x0000000100000000)
  eden space 95744K, 20% used [0x00000000d5580000,0x00000000d68e52e0,0x00000000db300000)
  from space 11264K, 83% used [0x00000000dbe00000,0x00000000dc7325c8,0x00000000dc900000)
  to   space 11264K, 0% used [0x00000000db300000,0x00000000db300000,0x00000000dbe00000)
 ParOldGen       total 108032K, used 8580K [0x0000000080000000, 0x0000000086980000, 0x00000000d5580000)
  object space 108032K, 7% used [0x0000000080000000,0x00000000808613e8,0x0000000086980000)
 Metaspace       used 34086K, capacity 35332K, committed 35456K, reserved 1079296K
  class space    used 4648K, capacity 4919K, committed 4992K, reserved 1048576K
Event: 11.846 GC heap after
Heap after GC invocations=8 (full 1):
 PSYoungGen      total 107008K, used 7272K [0x00000000d5580000, 0x00000000e0f80000, 0x0000000100000000)
  eden space 95744K, 0% used [0x00000000d5580000,0x00000000d5580000,0x00000000db300000)
  from space 11264K, 64% used [0x00000000db300000,0x00000000dba1a1d0,0x00000000dbe00000)
  to   space 11264K, 0% used [0x00000000e0480000,0x00000000e0480000,0x00000000e0f80000)
 ParOldGen       total 108032K, used 8588K [0x0000000080000000, 0x0000000086980000, 0x00000000d5580000)
  object space 108032K, 7% used [0x0000000080000000,0x00000000808633e8,0x0000000086980000)
 Metaspace       used 34086K, capacity 35332K, committed 35456K, reserved 1079296K
  class space    used 4648K, capacity 4919K, committed 4992K, reserved 1048576K
}
Event: 11.846 GC heap before
{Heap before GC invocations=9 (full 2):
 PSYoungGen      total 107008K, used 7272K [0x00000000d5580000, 0x00000000e0f80000, 0x0000000100000000)
  eden space 95744K, 0% used [0x00000000d5580000,0x00000000d5580000,0x00000000db300000)
  from space 11264K, 64% used [0x00000000db300000,0x00000000dba1a1d0,0x00000000dbe00000)
  to   space 11264K, 0% used [0x00000000e0480000,0x00000000e0480000,0x00000000e0f80000)
 ParOldGen       total 108032K, used 8588K [0x0000000080000000, 0x0000000086980000, 0x00000000d5580000)
  object space 108032K, 7% used [0x0000000080000000,0x00000000808633e8,0x0000000086980000)
 Metaspace       used 34086K, capacity 35332K, committed 35456K, reserved 1079296K
  class space    used 4648K, capacity 4919K, committed 4992K, reserved 1048576K
Event: 11.945 GC heap after
Heap after GC invocations=9 (full 2):
 PSYoungGen      total 107008K, used 0K [0x00000000d5580000, 0x00000000e0f80000, 0x0000000100000000)
  eden space 95744K, 0% used [0x00000000d5580000,0x00000000d5580000,0x00000000db300000)
  from space 11264K, 0% used [0x00000000db300000,0x00000000db300000,0x00000000dbe00000)
  to   space 11264K, 0% used [0x00000000e0480000,0x00000000e0480000,0x00000000e0f80000)
 ParOldGen       total 154112K, used 14241K [0x0000000080000000, 0x0000000089680000, 0x00000000d5580000)
  object space 154112K, 9% used [0x0000000080000000,0x0000000080de8568,0x0000000089680000)
 Metaspace       used 34086K, capacity 35332K, committed 35456K, reserved 1079296K
  class space    used 4648K, capacity 4919K, committed 4992K, reserved 1048576K
}
Event: 13.152 GC heap before
{Heap before GC invocations=10 (full 2):
 PSYoungGen      total 107008K, used 95744K [0x00000000d5580000, 0x00000000e0f80000, 0x0000000100000000)
  eden space 95744K, 100% used [0x00000000d5580000,0x00000000db300000,0x00000000db300000)
  from space 11264K, 0% used [0x00000000db300000,0x00000000db300000,0x00000000dbe00000)
  to   space 11264K, 0% used [0x00000000e0480000,0x00000000e0480000,0x00000000e0f80000)
 ParOldGen       total 154112K, used 14241K [0x0000000080000000, 0x0000000089680000, 0x00000000d5580000)
  object space 154112K, 9% used [0x0000000080000000,0x0000000080de8568,0x0000000089680000)
 Metaspace       used 37821K, capacity 39558K, committed 39680K, reserved 1083392K
  class space    used 5190K, capacity 5554K, committed 5632K, reserved 1048576K
Event: 13.165 GC heap after
Heap after GC invocations=10 (full 2):
 PSYoungGen      total 155136K, used 6459K [0x00000000d5580000, 0x00000000e0b00000, 0x0000000100000000)
  eden space 148480K, 0% used [0x00000000d5580000,0x00000000d5580000,0x00000000de680000)
  from space 6656K, 97% used [0x00000000e0480000,0x00000000e0acece8,0x00000000e0b00000)
  to   space 11264K, 0% used [0x00000000df500000,0x00000000df500000,0x00000000e0000000)
 ParOldGen       total 154112K, used 14241K [0x0000000080000000, 0x0000000089680000, 0x00000000d5580000)
  object space 154112K, 9% used [0x0000000080000000,0x0000000080de8568,0x0000000089680000)
 Metaspace       used 37821K, capacity 39558K, committed 39680K, reserved 1083392K
  class space    used 5190K, capacity 5554K, committed 5632K, reserved 1048576K
}
Event: 15.157 GC heap before
{Heap before GC invocations=11 (full 2):
 PSYoungGen      total 155136K, used 154939K [0x00000000d5580000, 0x00000000e0b00000, 0x0000000100000000)
  eden space 148480K, 100% used [0x00000000d5580000,0x00000000de680000,0x00000000de680000)
  from space 6656K, 97% used [0x00000000e0480000,0x00000000e0acece8,0x00000000e0b00000)
  to   space 11264K, 0% used [0x00000000df500000,0x00000000df500000,0x00000000e0000000)
 ParOldGen       total 154112K, used 14241K [0x0000000080000000, 0x0000000089680000, 0x00000000d5580000)
  object space 154112K, 9% used [0x0000000080000000,0x0000000080de8568,0x0000000089680000)
 Metaspace       used 49695K, capacity 51872K, committed 51968K, reserved 1093632K
  class space    used 6711K, capacity 7153K, committed 7168K, reserved 1048576K
Event: 15.186 GC heap after
Heap after GC invocations=11 (full 2):
 PSYoungGen      total 174592K, used 11252K [0x00000000d5580000, 0x00000000e3380000, 0x0000000100000000)
  eden space 163328K, 0% used [0x00000000d5580000,0x00000000d5580000,0x00000000df500000)
  from space 11264K, 99% used [0x00000000df500000,0x00000000dfffd148,0x00000000e0000000)
  to   space 15872K, 0% used [0x00000000e2400000,0x00000000e2400000,0x00000000e3380000)
 ParOldGen       total 154112K, used 22367K [0x0000000080000000, 0x0000000089680000, 0x00000000d5580000)
  object space 154112K, 14% used [0x0000000080000000,0x00000000815d7c10,0x0000000089680000)
 Metaspace       used 49695K, capacity 51872K, committed 51968K, reserved 1093632K
  class space    used 6711K, capacity 7153K, committed 7168K, reserved 1048576K
}

