# JRE version: OpenJDK Runtime Environment (8.0_242-b01) (build 1.8.0_242-release-1644-b01)
# Java VM: OpenJDK 64-Bit Server VM (25.242-b01 mixed mode windows-amd64 compressed oops)
Heap:
 PSYoungGen      total 193024K, used 99323K [0x00000000d5580000, 0x00000000e5780000, 0x0000000100000000)
  eden space 181248K, 48% used [0x00000000d5580000,0x00000000dab00338,0x00000000e0680000)
  from space 11776K, 99% used [0x00000000e0680000,0x00000000e11fe9b8,0x00000000e1200000)
  to   space 14848K, 0% used [0x00000000e4900000,0x00000000e4900000,0x00000000e5780000)
 ParOldGen       total 135680K, used 20064K [0x0000000080000000, 0x0000000088480000, 0x00000000d5580000)
  object space 135680K, 14% used [0x0000000080000000,0x0000000081398170,0x0000000088480000)
 Metaspace       used 54617K, capacity 56950K, committed 57216K, reserved 1099776K
  class space    used 7256K, capacity 7718K, committed 7808K, reserved 1048576K
GC Heap History (10 events):
Event: 10.394 GC heap before
{Heap before GC invocations=7 (full 1):
 PSYoungGen      total 76288K, used 73509K [0x00000000d5580000, 0x00000000dcd80000, 0x0000000100000000)
  eden space 65536K, 100% used [0x00000000d5580000,0x00000000d9580000,0x00000000d9580000)
  from space 10752K, 74% used [0x00000000d9580000,0x00000000d9d49588,0x00000000da000000)
  to   space 11264K, 0% used [0x00000000dc280000,0x00000000dc280000,0x00000000dcd80000)
 ParOldGen       total 103936K, used 8569K [0x0000000080000000, 0x0000000086580000, 0x00000000d5580000)
  object space 103936K, 8% used [0x0000000080000000,0x000000008085e740,0x0000000086580000)
 Metaspace       used 33635K, capacity 34856K, committed 35072K, reserved 1079296K
  class space    used 4576K, capacity 4847K, committed 4864K, reserved 1048576K
Event: 10.425 GC heap after
Heap after GC invocations=7 (full 1):
 PSYoungGen      total 111104K, used 9508K [0x00000000d5580000, 0x00000000dd400000, 0x0000000100000000)
  eden space 99840K, 0% used [0x00000000d5580000,0x00000000d5580000,0x00000000db700000)
  from space 11264K, 84% used [0x00000000dc280000,0x00000000dcbc9378,0x00000000dcd80000)
  to   space 11776K, 0% used [0x00000000db700000,0x00000000db700000,0x00000000dc280000)
 ParOldGen       total 103936K, used 8577K [0x0000000080000000, 0x0000000086580000, 0x00000000d5580000)
  object space 103936K, 8% used [0x0000000080000000,0x0000000080860740,0x0000000086580000)
 Metaspace       used 33635K, capacity 34856K, committed 35072K, reserved 1079296K
  class space    used 4576K, capacity 4847K, committed 4864K, reserved 1048576K
}
Event: 10.783 GC heap before
{Heap before GC invocations=8 (full 1):
 PSYoungGen      total 111104K, used 28433K [0x00000000d5580000, 0x00000000dd400000, 0x0000000100000000)
  eden space 99840K, 18% used [0x00000000d5580000,0x00000000d67fb220,0x00000000db700000)
  from space 11264K, 84% used [0x00000000dc280000,0x00000000dcbc9378,0x00000000dcd80000)
  to   space 11776K, 0% used [0x00000000db700000,0x00000000db700000,0x00000000dc280000)
 ParOldGen       total 103936K, used 8577K [0x0000000080000000, 0x0000000086580000, 0x00000000d5580000)
  object space 103936K, 8% used [0x0000000080000000,0x0000000080860740,0x0000000086580000)
 Metaspace       used 34107K, capacity 35338K, committed 35456K, reserved 1079296K
  class space    used 4647K, capacity 4920K, committed 4992K, reserved 1048576K
Event: 10.848 GC heap after
Heap after GC invocations=8 (full 1):
 PSYoungGen      total 111616K, used 7208K [0x00000000d5580000, 0x00000000e2280000, 0x0000000100000000)
  eden space 99840K, 0% used [0x00000000d5580000,0x00000000d5580000,0x00000000db700000)
  from space 11776K, 61% used [0x00000000db700000,0x00000000dbe0a1d0,0x00000000dc280000)
  to   space 11776K, 0% used [0x00000000e1700000,0x00000000e1700000,0x00000000e2280000)
 ParOldGen       total 103936K, used 8585K [0x0000000080000000, 0x0000000086580000, 0x00000000d5580000)
  object space 103936K, 8% used [0x0000000080000000,0x0000000080862740,0x0000000086580000)
 Metaspace       used 34107K, capacity 35338K, committed 35456K, reserved 1079296K
  class space    used 4647K, capacity 4920K, committed 4992K, reserved 1048576K
}
Event: 10.848 GC heap before
{Heap before GC invocations=9 (full 2):
 PSYoungGen      total 111616K, used 7208K [0x00000000d5580000, 0x00000000e2280000, 0x0000000100000000)
  eden space 99840K, 0% used [0x00000000d5580000,0x00000000d5580000,0x00000000db700000)
  from space 11776K, 61% used [0x00000000db700000,0x00000000dbe0a1d0,0x00000000dc280000)
  to   space 11776K, 0% used [0x00000000e1700000,0x00000000e1700000,0x00000000e2280000)
 ParOldGen       total 103936K, used 8585K [0x0000000080000000, 0x0000000086580000, 0x00000000d5580000)
  object space 103936K, 8% used [0x0000000080000000,0x0000000080862740,0x0000000086580000)
 Metaspace       used 34107K, capacity 35338K, committed 35456K, reserved 1079296K
  class space    used 4647K, capacity 4920K, committed 4992K, reserved 1048576K
Event: 10.953 GC heap after
Heap after GC invocations=9 (full 2):
 PSYoungGen      total 111616K, used 0K [0x00000000d5580000, 0x00000000e2280000, 0x0000000100000000)
  eden space 99840K, 0% used [0x00000000d5580000,0x00000000d5580000,0x00000000db700000)
  from space 11776K, 0% used [0x00000000db700000,0x00000000db700000,0x00000000dc280000)
  to   space 11776K, 0% used [0x00000000e1700000,0x00000000e1700000,0x00000000e2280000)
 ParOldGen       total 135680K, used 14205K [0x0000000080000000, 0x0000000088480000, 0x00000000d5580000)
  object space 135680K, 10% used [0x0000000080000000,0x0000000080ddf708,0x0000000088480000)
 Metaspace       used 34107K, capacity 35338K, committed 35456K, reserved 1079296K
  class space    used 4647K, capacity 4920K, committed 4992K, reserved 1048576K
}
Event: 13.341 GC heap before
{Heap before GC invocations=10 (full 2):
 PSYoungGen      total 111616K, used 99840K [0x00000000d5580000, 0x00000000e2280000, 0x0000000100000000)
  eden space 99840K, 100% used [0x00000000d5580000,0x00000000db700000,0x00000000db700000)
  from space 11776K, 0% used [0x00000000db700000,0x00000000db700000,0x00000000dc280000)
  to   space 11776K, 0% used [0x00000000e1700000,0x00000000e1700000,0x00000000e2280000)
 ParOldGen       total 135680K, used 14205K [0x0000000080000000, 0x0000000088480000, 0x00000000d5580000)
  object space 135680K, 10% used [0x0000000080000000,0x0000000080ddf708,0x0000000088480000)
 Metaspace       used 37878K, capacity 39570K, committed 39680K, reserved 1083392K
  class space    used 5186K, capacity 5546K, committed 5632K, reserved 1048576K
Event: 13.361 GC heap after
Heap after GC invocations=10 (full 2):
 PSYoungGen      total 174080K, used 6651K [0x00000000d5580000, 0x00000000e1d80000, 0x0000000100000000)
  eden space 167424K, 0% used [0x00000000d5580000,0x00000000d5580000,0x00000000df900000)
  from space 6656K, 99% used [0x00000000e1700000,0x00000000e1d7ece8,0x00000000e1d80000)
  to   space 11776K, 0% used [0x00000000e0680000,0x00000000e0680000,0x00000000e1200000)
 ParOldGen       total 135680K, used 14213K [0x0000000080000000, 0x0000000088480000, 0x00000000d5580000)
  object space 135680K, 10% used [0x0000000080000000,0x0000000080de1708,0x0000000088480000)
 Metaspace       used 37878K, capacity 39570K, committed 39680K, reserved 1083392K
  class space    used 5186K, capacity 5546K, committed 5632K, reserved 1048576K
}
Event: 17.455 GC heap before
{Heap before GC invocations=11 (full 2):
 PSYoungGen      total 174080K, used 174075K [0x00000000d5580000, 0x00000000e1d80000, 0x0000000100000000)
  eden space 167424K, 100% used [0x00000000d5580000,0x00000000df900000,0x00000000df900000)
  from space 6656K, 99% used [0x00000000e1700000,0x00000000e1d7ece8,0x00000000e1d80000)
  to   space 11776K, 0% used [0x00000000e0680000,0x00000000e0680000,0x00000000e1200000)
 ParOldGen       total 135680K, used 14213K [0x0000000080000000, 0x0000000088480000, 0x00000000d5580000)
  object space 135680K, 10% used [0x0000000080000000,0x0000000080de1708,0x0000000088480000)
 Metaspace       used 48641K, capacity 50798K, committed 51072K, reserved 1093632K
  class space    used 6565K, capacity 6978K, committed 7040K, reserved 1048576K
Event: 17.580 GC heap after
Heap after GC invocations=11 (full 2):
 PSYoungGen      total 193024K, used 11770K [0x00000000d5580000, 0x00000000e5780000, 0x0000000100000000)
  eden space 181248K, 0% used [0x00000000d5580000,0x00000000d5580000,0x00000000e0680000)
  from space 11776K, 99% used [0x00000000e0680000,0x00000000e11fe9b8,0x00000000e1200000)
  to   space 14848K, 0% used [0x00000000e4900000,0x00000000e4900000,0x00000000e5780000)
 ParOldGen       total 135680K, used 20064K [0x0000000080000000, 0x0000000088480000, 0x00000000d5580000)
  object space 135680K, 14% used [0x0000000080000000,0x0000000081398170,0x0000000088480000)
 Metaspace       used 48641K, capacity 50798K, committed 51072K, reserved 1093632K
  class space    used 6565K, capacity 6978K, committed 7040K, reserved 1048576K
}

